<?xml version="1.0" encoding="UTF-8"?>
<!-- Generated by org.testng.reporters.JUnitXMLReporter -->
<testsuite ignored="0" hostname="LAPTOP-HDJE5QPF" failures="0" tests="2" name="Test(failed)" time="2.349" errors="0" timestamp="12 Apr 2021 03:08:34 GMT">
  <testcase classname="org.extent.SampleReport" name="@BeforeClass beforeClass" time="2.276">
    <failure type="java.lang.NullPointerException" message="Cannot invoke &amp;quot;org.openqa.selenium.WebDriver.get(String)&amp;quot; because &amp;quot;this.driver&amp;quot; is null">
      <![CDATA[java.lang.NullPointerException: Cannot invoke "org.openqa.selenium.WebDriver.get(String)" because "this.driver" is null
at org.extent.SampleReport.beforeClass(SampleReport.java:37)
... Removed 26 stack frames]]>
    </failure>
  </testcase> <!-- @BeforeClass beforeClass -->
  <testcase classname="org.extent.SampleReport" name="@AfterClass afterClass" time="0.0">
    <skipped/>
  </testcase> <!-- @AfterClass afterClass -->
  <testcase classname="org.extent.SampleReport" name="aWelcomepage" time="0.0">
    <skipped/>
  </testcase> <!-- aWelcomepage -->
  <testcase classname="org.extent.SampleReport" name="bChooseFlight" time="0.0">
    <skipped/>
  </testcase> <!-- bChooseFlight -->
</testsuite> <!-- Test(failed) -->
